{
  "numFailedTestSuites": 0,
  "numFailedTests": 0,
  "numPassedTestSuites": 1,
  "numPassedTests": 1,
  "numPendingTestSuites": 0,
  "numPendingTests": 0,
  "numRuntimeErrorTestSuites": 0,
  "numTodoTests": 0,
  "numTotalTestSuites": 1,
  "numTotalTests": 1,
  "openHandles": [],
  "snapshot": {
    "added": 0,
    "didUpdate": false,
    "failure": false,
    "filesAdded": 0,
    "filesRemoved": 0,
    "filesRemovedList": [],
    "filesUnmatched": 0,
    "filesUpdated": 0,
    "matched": 1,
    "total": 1,
    "unchecked": 0,
    "uncheckedKeysByFile": [],
    "unmatched": 0,
    "updated": 0
  },
  "startTime": 1608057365237,
  "success": false,
  "testResults": [
    {
      "leaks": false,
      "numFailingTests": 0,
      "numPassingTests": 1,
      "numPendingTests": 0,
      "numTodoTests": 0,
      "openHandles": [],
      "perfStats": {
        "end": 1608057409627,
        "runtime": 44286,
        "slow": true,
        "start": 1608057365341
      },
      "skipped": false,
      "snapshot": {
        "added": 0,
        "fileDeleted": false,
        "matched": 1,
        "unchecked": 0,
        "unmatched": 0,
        "updated": 0,
        "uncheckedKeys": []
      },
      "testFilePath": "/home/zharkoc/Desktop/photopea-test/src/test/photopea.test.js",
      "testResults": [
        {
          "ancestorTitles": [
            "Test test tool"
          ],
          "duration": 37360,
          "failureDetails": [],
          "failureMessages": [],
          "fullName": "Test test tool Test is text tool happy path",
          "location": null,
          "numPassingAsserts": 0,
          "status": "passed",
          "title": "Test is text tool happy path"
        }
      ],
      "failureMessage": null
    }
  ],
  "wasInterrupted": false
}