<?xml version="1.0" encoding="UTF-8"?>
<coverage generated="1608057249094" clover="3.2.0">
  <project timestamp="1608057249094" name="All files">
    <metrics statements="25" coveredstatements="21" conditionals="0" coveredconditionals="0" methods="9" coveredmethods="6" elements="34" coveredelements="27" complexity="0" loc="25" ncloc="25" packages="1" files="1" classes="1"/>
    <file name="homepage.js" path="/home/zharkoc/Desktop/photopea-test/src/main/pages/homepage.js">
      <metrics statements="25" coveredstatements="21" conditionals="0" coveredconditionals="0" methods="9" coveredmethods="6"/>
      <line num="1" count="1" type="stmt"/>
      <line num="5" count="1" type="stmt"/>
      <line num="6" count="1" type="stmt"/>
      <line num="8" count="1" type="stmt"/>
      <line num="9" count="1" type="stmt"/>
      <line num="11" count="1" type="stmt"/>
      <line num="12" count="1" type="stmt"/>
      <line num="14" count="1" type="stmt"/>
      <line num="15" count="1" type="stmt"/>
      <line num="19" count="1" type="stmt"/>
      <line num="20" count="1" type="stmt"/>
      <line num="24" count="1" type="stmt"/>
      <line num="25" count="1" type="stmt"/>
      <line num="29" count="1" type="stmt"/>
      <line num="30" count="1" type="stmt"/>
      <line num="34" count="1" type="stmt"/>
      <line num="35" count="1" type="stmt"/>
      <line num="36" count="4" type="stmt"/>
      <line num="49" count="1" type="stmt"/>
      <line num="50" count="1" type="stmt"/>
      <line num="51" count="0" type="stmt"/>
      <line num="52" count="0" type="stmt"/>
      <line num="57" count="0" type="stmt"/>
      <line num="58" count="0" type="stmt"/>
      <line num="63" count="1" type="stmt"/>
    </file>
  </project>
</coverage>
