{"/home/zharkoc/Desktop/photopea-test/src/main/pages/homepage.js": {"path":"/home/zharkoc/Desktop/photopea-test/src/main/pages/homepage.js","statementMap":{"0":{"start":{"line":1,"column":18},"end":{"line":1,"column":38}},"1":{"start":{"line":5,"column":8},"end":{"line":5,"column":72}},"2":{"start":{"line":6,"column":8},"end":{"line":6,"column":62}},"3":{"start":{"line":8,"column":8},"end":{"line":8,"column":86}},"4":{"start":{"line":9,"column":8},"end":{"line":9,"column":76}},"5":{"start":{"line":11,"column":8},"end":{"line":11,"column":99}},"6":{"start":{"line":12,"column":8},"end":{"line":12,"column":89}},"7":{"start":{"line":14,"column":8},"end":{"line":14,"column":82}},"8":{"start":{"line":15,"column":8},"end":{"line":15,"column":72}},"9":{"start":{"line":19,"column":8},"end":{"line":19,"column":98}},"10":{"start":{"line":20,"column":8},"end":{"line":20,"column":88}},"11":{"start":{"line":24,"column":8},"end":{"line":24,"column":82}},"12":{"start":{"line":25,"column":8},"end":{"line":25,"column":72}},"13":{"start":{"line":29,"column":8},"end":{"line":29,"column":112}},"14":{"start":{"line":30,"column":8},"end":{"line":30,"column":102}},"15":{"start":{"line":34,"column":21},"end":{"line":34,"column":35}},"16":{"start":{"line":35,"column":8},"end":{"line":37,"column":9}},"17":{"start":{"line":36,"column":12},"end":{"line":36,"column":44}},"18":{"start":{"line":49,"column":8},"end":{"line":49,"column":79}},"19":{"start":{"line":50,"column":8},"end":{"line":53,"column":13}},"20":{"start":{"line":51,"column":26},"end":{"line":51,"column":93}},"21":{"start":{"line":52,"column":12},"end":{"line":52,"column":52}},"22":{"start":{"line":57,"column":8},"end":{"line":59,"column":11}},"23":{"start":{"line":58,"column":12},"end":{"line":58,"column":28}},"24":{"start":{"line":63,"column":0},"end":{"line":63,"column":26}}},"fnMap":{"0":{"name":"(anonymous_0)","decl":{"start":{"line":4,"column":4},"end":{"line":4,"column":5}},"loc":{"start":{"line":4,"column":31},"end":{"line":16,"column":5}},"line":4},"1":{"name":"(anonymous_1)","decl":{"start":{"line":18,"column":4},"end":{"line":18,"column":5}},"loc":{"start":{"line":18,"column":29},"end":{"line":21,"column":5}},"line":18},"2":{"name":"(anonymous_2)","decl":{"start":{"line":23,"column":4},"end":{"line":23,"column":5}},"loc":{"start":{"line":23,"column":30},"end":{"line":26,"column":5}},"line":23},"3":{"name":"(anonymous_3)","decl":{"start":{"line":28,"column":4},"end":{"line":28,"column":5}},"loc":{"start":{"line":28,"column":30},"end":{"line":31,"column":5}},"line":28},"4":{"name":"(anonymous_4)","decl":{"start":{"line":33,"column":4},"end":{"line":33,"column":5}},"loc":{"start":{"line":33,"column":31},"end":{"line":38,"column":5}},"line":33},"5":{"name":"(anonymous_5)","decl":{"start":{"line":48,"column":4},"end":{"line":48,"column":5}},"loc":{"start":{"line":48,"column":26},"end":{"line":54,"column":5}},"line":48},"6":{"name":"(anonymous_6)","decl":{"start":{"line":50,"column":28},"end":{"line":50,"column":29}},"loc":{"start":{"line":50,"column":34},"end":{"line":53,"column":11}},"line":50},"7":{"name":"(anonymous_7)","decl":{"start":{"line":56,"column":4},"end":{"line":56,"column":5}},"loc":{"start":{"line":56,"column":28},"end":{"line":60,"column":5}},"line":56},"8":{"name":"(anonymous_8)","decl":{"start":{"line":57,"column":26},"end":{"line":57,"column":27}},"loc":{"start":{"line":57,"column":42},"end":{"line":59,"column":9}},"line":57}},"branchMap":{},"s":{"0":1,"1":1,"2":1,"3":1,"4":1,"5":1,"6":1,"7":1,"8":1,"9":1,"10":1,"11":1,"12":1,"13":1,"14":1,"15":1,"16":1,"17":4,"18":1,"19":1,"20":0,"21":0,"22":0,"23":0,"24":1},"f":{"0":1,"1":1,"2":1,"3":1,"4":1,"5":1,"6":0,"7":0,"8":0},"b":{},"_coverageSchema":"1a1c01bbd47fc00a2c39e90264f33305004495a9","hash":"3830970b0f01323cf1c7253f073396b80e5bd684"}
}
